<?xml version="1.0" encoding="UTF-8"?>
<testsuites>
	<testsuite name="MyTest-20220417160306" tests="2" file=".py" time="1.950" timestamp="2022-04-17T16:03:08" failures="1" errors="0" skipped="0">
		<testcase classname="MyTest" name="test_api_00002_test_case2" time="1.463" timestamp="2022-04-17T16:03:08" file="test_case.py" line="21">
			<!--test_api_00002_test_case2-->
		</testcase>
		<testcase classname="MyTest" name="test_api_00001_test_case1" time="0.487" timestamp="2022-04-17T16:03:07" file="test_case.py" line="21">
			<!--test_api_00001_test_case1-->
			<failure type="AssertionError" message="'abc' not found in '{\n  &quot;args&quot;: {}, \n  &quot;data&quot;: &quot;{\\&quot;hello\\&quot;: \\&quot;world\\&quot;}&quot;, \n  &quot;files&quot;: {}, \n  &quot;form&quot;: {}, \n  &quot;headers&quot;: {\n    &quot;Accept&quot;: &quot;*/*&quot;, \n    &quot;Accept-Encoding&quot;: &quot;gzip, deflate&quot;, \n    &quot;Content-Length&quot;: &quot;18&quot;, \n    &quot;Content-Type&quot;: &quot;application/json&quot;, \n    &quot;Host&quot;: &quot;httpbin.org&quot;, \n    &quot;User-Agent&quot;: &quot;python-requests/2.25.0&quot;, \n    &quot;X-Amzn-Trace-Id&quot;: &quot;Root=1-625bc9ba-3de89c675bae018a68f7be6c&quot;\n  }, \n  &quot;json&quot;: {\n    &quot;hello&quot;: &quot;world&quot;\n  }, \n  &quot;origin&quot;: &quot;113.87.12.117&quot;, \n  &quot;url&quot;: &quot;http://httpbin.org/post&quot;\n}\n'"><![CDATA[Traceback (most recent call last):
  File "C:\Python38\lib\site-packages\ddt.py", line 182, in wrapper
    return func(self, *args, **kwargs)
  File ".\test_case.py", line 46, in test_api
    self.assertIn(assert_text, resp)
AssertionError: 'abc' not found in '{\n  "args": {}, \n  "data": "{\\"hello\\": \\"world\\"}", \n  "files": {}, \n  "form": {}, \n  "headers": {\n    "Accept": "*/*", \n    "Accept-Encoding": "gzip, deflate", \n    "Content-Length": "18", \n    "Content-Type": "application/json", \n    "Host": "httpbin.org", \n    "User-Agent": "python-requests/2.25.0", \n    "X-Amzn-Trace-Id": "Root=1-625bc9ba-3de89c675bae018a68f7be6c"\n  }, \n  "json": {\n    "hello": "world"\n  }, \n  "origin": "113.87.12.117", \n  "url": "http://httpbin.org/post"\n}\n'
]]></failure>
		</testcase>
	</testsuite>
</testsuites>
