<?xml version="1.0" encoding="UTF-8"?>
<testsuites>
	<testsuite name="MyTest-20220417171308" tests="2" file=".py" time="1.989" timestamp="2022-04-17T17:13:10" failures="0" errors="0" skipped="0">
		<testcase classname="MyTest" name="test_api_00001_test_case1" time="0.539" timestamp="2022-04-17T17:13:09" file="tasks\task_running\test_case.py" line="15">
			<!--test_api_00001_test_case1-->
		</testcase>
		<testcase classname="MyTest" name="test_api_00002_test_case2" time="1.450" timestamp="2022-04-17T17:13:10" file="tasks\task_running\test_case.py" line="15">
			<!--test_api_00002_test_case2-->
		</testcase>
	</testsuite>
</testsuites>
